<?xml version="1.0" encoding="UTF-8"?>
<!-- Generated by org.testng.reporters.JUnitReportReporter -->
<testsuite hostname="DESKTOP-6TSPC22" failures="0" tests="3" name="smartcow.test.placeOrderTest" time="18.218" errors="0" timestamp="2022-12-01T15:53:34 IST" skipped="0">
  <testcase classname="smartcow.test.placeOrderTest" name="standard_user" time="4.608"/>
  <system-out/>
  <testcase classname="smartcow.test.placeOrderTest" name="performance_user" time="9.899"/>
  <system-out/>
  <testcase classname="smartcow.test.placeOrderTest" name="problem_user" time="3.711"/>
  <system-out/>
</testsuite> <!-- smartcow.test.placeOrderTest -->
