<?xml version="1.0" encoding="UTF-8"?>
<!-- Generated by org.testng.reporters.JUnitReportReporter -->
<testsuite hostname="DESKTOP-6TSPC22" failures="0" tests="1" name="smartcow.test.addToBasketTest" time="0.086" errors="0" timestamp="2022-11-28T20:31:21 IST" skipped="0">
  <testcase classname="smartcow.test.addToBasketTest" name="addToCart" time="0.086"/>
  <system-out/>
</testsuite> <!-- smartcow.test.addToBasketTest -->
